  BubbleGame.cpp
C:\Users\23158\Desktop\学科作业\程设大作业\src\BubbleGame\BubbleGame.cpp(575,20): warning C4018: “<”: 有符号/无符号不匹配
C:\Users\23158\Desktop\学科作业\程设大作业\src\BubbleGame\BubbleGame.cpp(753,20): warning C4018: “<”: 有符号/无符号不匹配
C:\Users\23158\Desktop\学科作业\程设大作业\src\BubbleGame\BubbleGame.cpp(760,20): warning C4018: “<”: 有符号/无符号不匹配
C:\Users\23158\Desktop\学科作业\程设大作业\src\BubbleGame\BubbleGame.cpp(767,20): warning C4018: “<”: 有符号/无符号不匹配
C:\Users\23158\Desktop\学科作业\程设大作业\src\BubbleGame\BubbleGame.cpp(774,20): warning C4018: “<”: 有符号/无符号不匹配
C:\Users\23158\Desktop\学科作业\程设大作业\src\BubbleGame\BubbleGame.cpp(866,21): warning C4018: “<”: 有符号/无符号不匹配
C:\Users\23158\Desktop\学科作业\程设大作业\src\BubbleGame\BubbleGame.cpp(888,21): warning C4018: “<”: 有符号/无符号不匹配
C:\Users\23158\Desktop\学科作业\程设大作业\src\BubbleGame\BubbleGame.cpp(918,21): warning C4018: “<”: 有符号/无符号不匹配
C:\Users\23158\Desktop\学科作业\程设大作业\src\BubbleGame\BubbleGame.cpp(948,21): warning C4018: “<”: 有符号/无符号不匹配
C:\Users\23158\Desktop\学科作业\程设大作业\src\BubbleGame\BubbleGame.cpp(978,21): warning C4018: “<”: 有符号/无符号不匹配
C:\Users\23158\Desktop\学科作业\程设大作业\src\BubbleGame\BubbleGame.cpp(1016,21): warning C4018: “<”: 有符号/无符号不匹配
C:\Users\23158\Desktop\学科作业\程设大作业\src\BubbleGame\BubbleGame.cpp(1035,21): warning C4018: “<”: 有符号/无符号不匹配
C:\Users\23158\Desktop\学科作业\程设大作业\src\BubbleGame\BubbleGame.cpp(1058,21): warning C4018: “<”: 有符号/无符号不匹配
C:\Users\23158\Desktop\学科作业\程设大作业\src\BubbleGame\BubbleGame.cpp(1081,21): warning C4018: “<”: 有符号/无符号不匹配
C:\Users\23158\Desktop\学科作业\程设大作业\src\BubbleGame\BubbleGame.cpp(1103,21): warning C4018: “<”: 有符号/无符号不匹配
C:\Users\23158\Desktop\学科作业\程设大作业\src\BubbleGame\BubbleGame.cpp(1131,21): warning C4018: “<”: 有符号/无符号不匹配
C:\Users\23158\Desktop\学科作业\程设大作业\src\BubbleGame\BubbleGame.cpp(1193,20): warning C4018: “<”: 有符号/无符号不匹配
C:\Users\23158\Desktop\学科作业\程设大作业\src\BubbleGame\BubbleGame.cpp(1203,20): warning C4018: “<”: 有符号/无符号不匹配
C:\Users\23158\Desktop\学科作业\程设大作业\src\BubbleGame\BubbleGame.cpp(1246,19): warning C4244: “-=”: 从“double”转换到“int”，可能丢失数据
C:\Users\23158\Desktop\学科作业\程设大作业\src\BubbleGame\BubbleGame.cpp(1250,19): warning C4244: “-=”: 从“double”转换到“int”，可能丢失数据
C:\Users\23158\Desktop\学科作业\程设大作业\src\BubbleGame\BubbleGame.cpp(1254,19): warning C4244: “+=”: 从“double”转换到“int”，可能丢失数据
C:\Users\23158\Desktop\学科作业\程设大作业\src\BubbleGame\BubbleGame.cpp(1258,19): warning C4244: “+=”: 从“double”转换到“int”，可能丢失数据
C:\Users\23158\Desktop\学科作业\程设大作业\src\BubbleGame\BubbleGame.cpp(1302,20): warning C4244: “-=”: 从“double”转换到“int”，可能丢失数据
C:\Users\23158\Desktop\学科作业\程设大作业\src\BubbleGame\BubbleGame.cpp(1306,20): warning C4244: “-=”: 从“double”转换到“int”，可能丢失数据
C:\Users\23158\Desktop\学科作业\程设大作业\src\BubbleGame\BubbleGame.cpp(1310,20): warning C4244: “+=”: 从“double”转换到“int”，可能丢失数据
C:\Users\23158\Desktop\学科作业\程设大作业\src\BubbleGame\BubbleGame.cpp(1314,20): warning C4244: “+=”: 从“double”转换到“int”，可能丢失数据
C:\Users\23158\Desktop\学科作业\程设大作业\src\BubbleGame\BubbleGame.cpp(1333,11): warning C4244: “初始化”: 从“double”转换到“int”，可能丢失数据
C:\Users\23158\Desktop\学科作业\程设大作业\src\BubbleGame\BubbleGame.cpp(1361,21): warning C4244: “-=”: 从“double”转换到“int”，可能丢失数据
C:\Users\23158\Desktop\学科作业\程设大作业\src\BubbleGame\BubbleGame.cpp(1365,21): warning C4244: “-=”: 从“double”转换到“int”，可能丢失数据
C:\Users\23158\Desktop\学科作业\程设大作业\src\BubbleGame\BubbleGame.cpp(1369,21): warning C4244: “+=”: 从“double”转换到“int”，可能丢失数据
C:\Users\23158\Desktop\学科作业\程设大作业\src\BubbleGame\BubbleGame.cpp(1373,21): warning C4244: “+=”: 从“double”转换到“int”，可能丢失数据
C:\Users\23158\Desktop\学科作业\程设大作业\src\BubbleGame\BubbleGame.cpp(1397,8): warning C4244: “初始化”: 从“double”转换到“int”，可能丢失数据
C:\Users\23158\Desktop\学科作业\程设大作业\src\BubbleGame\BubbleGame.cpp(1399,31): warning C4244: “=”: 从“double”转换到“int”，可能丢失数据
C:\Users\23158\Desktop\学科作业\程设大作业\src\BubbleGame\BubbleGame.cpp(1400,32): warning C4244: “=”: 从“double”转换到“int”，可能丢失数据
C:\Users\23158\Desktop\学科作业\程设大作业\src\BubbleGame\BubbleGame.cpp(1406,20): warning C4018: “<”: 有符号/无符号不匹配
C:\Users\23158\Desktop\学科作业\程设大作业\src\BubbleGame\BubbleGame.cpp(1439,29): warning C4244: “=”: 从“double”转换到“int”，可能丢失数据
C:\Users\23158\Desktop\学科作业\程设大作业\src\BubbleGame\BubbleGame.cpp(1440,30): warning C4244: “=”: 从“double”转换到“int”，可能丢失数据
C:\Users\23158\Desktop\学科作业\程设大作业\src\BubbleGame\BubbleGame.cpp(1444,20): warning C4018: “<”: 有符号/无符号不匹配
C:\Users\23158\Desktop\学科作业\程设大作业\src\BubbleGame\BubbleGame.cpp(1471,20): warning C4018: “<”: 有符号/无符号不匹配
C:\Users\23158\Desktop\学科作业\程设大作业\src\BubbleGame\BubbleGame.cpp(1507,20): warning C4018: “<”: 有符号/无符号不匹配
C:\Users\23158\Desktop\学科作业\程设大作业\src\BubbleGame\BubbleGame.cpp(1549,20): warning C4018: “<”: 有符号/无符号不匹配
C:\Users\23158\Desktop\学科作业\程设大作业\src\BubbleGame\BubbleGame.cpp(1606,20): warning C4018: “<”: 有符号/无符号不匹配
C:\Users\23158\Desktop\学科作业\程设大作业\src\BubbleGame\BubbleGame.cpp(1650,20): warning C4018: “<”: 有符号/无符号不匹配
C:\Users\23158\Desktop\学科作业\程设大作业\src\BubbleGame\BubbleGame.cpp(1698,20): warning C4018: “<”: 有符号/无符号不匹配
C:\Users\23158\Desktop\学科作业\程设大作业\src\BubbleGame\BubbleGame.cpp(1700,21): warning C4018: “<”: 有符号/无符号不匹配
C:\Users\23158\Desktop\学科作业\程设大作业\src\BubbleGame\BubbleGame.cpp(1737,20): warning C4018: “<”: 有符号/无符号不匹配
C:\Users\23158\Desktop\学科作业\程设大作业\src\BubbleGame\BubbleGame.cpp(1748,20): warning C4018: “<”: 有符号/无符号不匹配
C:\Users\23158\Desktop\学科作业\程设大作业\src\BubbleGame\BubbleGame.cpp(2066,21): warning C4018: “<”: 有符号/无符号不匹配
C:\Users\23158\Desktop\学科作业\程设大作业\src\BubbleGame\BubbleGame.cpp(2072,48): warning C4244: “参数”: 从“double”转换到“int”，可能丢失数据
C:\Users\23158\Desktop\学科作业\程设大作业\src\BubbleGame\BubbleGame.cpp(2072,15): warning C4244: “参数”: 从“double”转换到“int”，可能丢失数据
C:\Users\23158\Desktop\学科作业\程设大作业\src\BubbleGame\BubbleGame.cpp(2080,21): warning C4018: “<”: 有符号/无符号不匹配
C:\Users\23158\Desktop\学科作业\程设大作业\src\BubbleGame\BubbleGame.cpp(2115,21): warning C4018: “<”: 有符号/无符号不匹配
C:\Users\23158\Desktop\学科作业\程设大作业\src\BubbleGame\BubbleGame.cpp(2137,44): warning C4244: “参数”: 从“double”转换到“int”，可能丢失数据
C:\Users\23158\Desktop\学科作业\程设大作业\src\BubbleGame\BubbleGame.cpp(2137,15): warning C4244: “参数”: 从“double”转换到“int”，可能丢失数据
C:\Users\23158\Desktop\学科作业\程设大作业\src\BubbleGame\BubbleGame.cpp(2146,44): warning C4244: “参数”: 从“double”转换到“int”，可能丢失数据
C:\Users\23158\Desktop\学科作业\程设大作业\src\BubbleGame\BubbleGame.cpp(2146,15): warning C4244: “参数”: 从“double”转换到“int”，可能丢失数据
C:\Users\23158\Desktop\学科作业\程设大作业\src\BubbleGame\BubbleGame.cpp(2155,64): warning C4244: “参数”: 从“double”转换到“int”，可能丢失数据
C:\Users\23158\Desktop\学科作业\程设大作业\src\BubbleGame\BubbleGame.cpp(2155,15): warning C4244: “参数”: 从“double”转换到“int”，可能丢失数据
C:\Users\23158\Desktop\学科作业\程设大作业\src\BubbleGame\BubbleGame.cpp(2164,64): warning C4244: “参数”: 从“double”转换到“int”，可能丢失数据
C:\Users\23158\Desktop\学科作业\程设大作业\src\BubbleGame\BubbleGame.cpp(2164,15): warning C4244: “参数”: 从“double”转换到“int”，可能丢失数据
C:\Users\23158\Desktop\学科作业\程设大作业\src\BubbleGame\BubbleGame.cpp(2186,43): warning C4244: “参数”: 从“double”转换到“int”，可能丢失数据
C:\Users\23158\Desktop\学科作业\程设大作业\src\BubbleGame\BubbleGame.cpp(2186,14): warning C4244: “参数”: 从“double”转换到“int”，可能丢失数据
C:\Users\23158\Desktop\学科作业\程设大作业\src\BubbleGame\BubbleGame.cpp(2195,43): warning C4244: “参数”: 从“double”转换到“int”，可能丢失数据
C:\Users\23158\Desktop\学科作业\程设大作业\src\BubbleGame\BubbleGame.cpp(2195,14): warning C4244: “参数”: 从“double”转换到“int”，可能丢失数据
C:\Users\23158\Desktop\学科作业\程设大作业\src\BubbleGame\BubbleGame.cpp(2204,59): warning C4244: “参数”: 从“double”转换到“int”，可能丢失数据
C:\Users\23158\Desktop\学科作业\程设大作业\src\BubbleGame\BubbleGame.cpp(2204,14): warning C4244: “参数”: 从“double”转换到“int”，可能丢失数据
C:\Users\23158\Desktop\学科作业\程设大作业\src\BubbleGame\BubbleGame.cpp(2213,59): warning C4244: “参数”: 从“double”转换到“int”，可能丢失数据
C:\Users\23158\Desktop\学科作业\程设大作业\src\BubbleGame\BubbleGame.cpp(2213,14): warning C4244: “参数”: 从“double”转换到“int”，可能丢失数据
C:\Users\23158\Desktop\学科作业\程设大作业\src\BubbleGame\BubbleGame.cpp(2221,42): warning C4244: “参数”: 从“double”转换到“int”，可能丢失数据
C:\Users\23158\Desktop\学科作业\程设大作业\src\BubbleGame\BubbleGame.cpp(2221,13): warning C4244: “参数”: 从“double”转换到“int”，可能丢失数据
C:\Users\23158\Desktop\学科作业\程设大作业\src\BubbleGame\BubbleGame.cpp(2229,21): warning C4018: “<”: 有符号/无符号不匹配
C:\Users\23158\Desktop\学科作业\程设大作业\src\BubbleGame\BubbleGame.cpp(2292,21): warning C4018: “<”: 有符号/无符号不匹配
C:\Users\23158\Desktop\学科作业\程设大作业\src\BubbleGame\BubbleGame.cpp(2300,43): warning C4244: “参数”: 从“double”转换到“int”，可能丢失数据
C:\Users\23158\Desktop\学科作业\程设大作业\src\BubbleGame\BubbleGame.cpp(2300,14): warning C4244: “参数”: 从“double”转换到“int”，可能丢失数据
C:\Users\23158\Desktop\学科作业\程设大作业\src\BubbleGame\BubbleGame.cpp(2312,44): warning C4244: “参数”: 从“double”转换到“int”，可能丢失数据
C:\Users\23158\Desktop\学科作业\程设大作业\src\BubbleGame\BubbleGame.cpp(2312,15): warning C4244: “参数”: 从“double”转换到“int”，可能丢失数据
C:\Users\23158\Desktop\学科作业\程设大作业\src\BubbleGame\BubbleGame.cpp(2327,20): warning C4018: “<”: 有符号/无符号不匹配
C:\Users\23158\Desktop\学科作业\程设大作业\src\BubbleGame\BubbleGame.cpp(2480,12): warning C4244: “参数”: 从“time_t”转换到“unsigned int”，可能丢失数据
  BubbleGame.vcxproj -> C:\Users\23158\Desktop\学科作业\程设大作业\src\Debug\BubbleGame.exe
